c:\cossacks2025-legacy\src\temp\commcore.bsc
c:\cossacks2025-legacy\src\temp\commcore\vc140.pdb
c:\cossacks2025-legacy\src\temp\commcore\vc140.idb
c:\cossacks2025-legacy\src\temp\commcore\commserverlist.sbr
c:\cossacks2025-legacy\src\temp\commcore\commrecv.sbr
c:\cossacks2025-legacy\src\temp\commcore\commraw.sbr
c:\cossacks2025-legacy\src\temp\commcore\commqueue.sbr
c:\cossacks2025-legacy\src\temp\commcore\commping.sbr
c:\cossacks2025-legacy\src\temp\commcore\commpeers.sbr
c:\cossacks2025-legacy\src\temp\commcore\comminit.sbr
c:\cossacks2025-legacy\src\temp\commcore\comminet.sbr
c:\cossacks2025-legacy\src\temp\commcore\commcore.sbr
c:\cossacks2025-legacy\src\temp\commcore\commcore.obj
c:\cossacks2025-legacy\src\temp\commcore\comminet.obj
c:\cossacks2025-legacy\src\temp\commcore\comminit.obj
c:\cossacks2025-legacy\src\temp\commcore\commpeers.obj
c:\cossacks2025-legacy\src\temp\commcore\commping.obj
c:\cossacks2025-legacy\src\temp\commcore\commqueue.obj
c:\cossacks2025-legacy\src\temp\commcore\commraw.obj
c:\cossacks2025-legacy\src\temp\commcore\commrecv.obj
c:\cossacks2025-legacy\src\temp\commcore\commserverlist.obj
c:\cossacks2025-legacy\src\temp\commcore.lib
c:\cossacks2025-legacy\src\commcore library\../temp/commcore.lib
c:\cossacks2025-legacy\src\temp\commcore\commcore library.tlog\bscmake.command.1.tlog
c:\cossacks2025-legacy\src\temp\commcore\commcore library.tlog\bscmake.read.1.tlog
c:\cossacks2025-legacy\src\temp\commcore\commcore library.tlog\bscmake.write.1.tlog
c:\cossacks2025-legacy\src\temp\commcore\commcore library.tlog\cl.command.1.tlog
c:\cossacks2025-legacy\src\temp\commcore\commcore library.tlog\cl.read.1.tlog
c:\cossacks2025-legacy\src\temp\commcore\commcore library.tlog\cl.write.1.tlog
c:\cossacks2025-legacy\src\temp\commcore\commcore library.tlog\lib-link.read.1.tlog
c:\cossacks2025-legacy\src\temp\commcore\commcore library.tlog\lib-link.write.1.tlog
c:\cossacks2025-legacy\src\temp\commcore\commcore library.tlog\lib.command.1.tlog
