c:\cossacks2025-legacy\src\temp\dmcr\vc140.pdb
c:\cossacks2025-legacy\src\temp\dmcr\danger.obj
c:\cossacks2025-legacy\src\temp\dmcr\cwave.obj
c:\cossacks2025-legacy\src\temp\dmcr\conststr.obj
c:\cossacks2025-legacy\src\temp\dmcr\chkinet.obj
c:\cossacks2025-legacy\src\temp\dmcr\cdirsnd.obj
c:\cossacks2025-legacy\src\temp\dmcr\build.obj
c:\cossacks2025-legacy\src\temp\dmcr\brigade.obj
c:\cossacks2025-legacy\src\temp\dmcr\bmptool.obj
c:\cossacks2025-legacy\src\temp\dmcr\isimasks.obj
c:\cossacks2025-legacy\src\temp\dmcr\gscset.obj
c:\cossacks2025-legacy\src\temp\dmcr\gscarch.obj
c:\cossacks2025-legacy\src\temp\dmcr\archtool.obj
c:\cossacks2025-legacy\src\temp\dmcr\antibug.obj
c:\cossacks2025-legacy\src\temp\dmcr\activezone.obj
c:\cossacks2025-legacy\src\temp\dmcr\activescenary.obj
c:\cossacks2025-legacy\src\temp\dmcr\3dsurf.obj
c:\cossacks2025-legacy\src\temp\dmcr\3drandmap.obj
c:\cossacks2025-legacy\src\temp\dmcr\3dmaped.obj
c:\cossacks2025-legacy\src\temp\dmcr\3dgraph.obj
c:\cossacks2025-legacy\src\temp\dmcr\3dbars.obj
c:\cossacks2025-legacy\src\temp\dmcr\icontool.obj
c:\cossacks2025-legacy\src\temp\dmcr\httpcomm.obj
c:\cossacks2025-legacy\src\temp\dmcr\hint.obj
c:\cossacks2025-legacy\src\temp\dmcr\gvclass.obj
c:\cossacks2025-legacy\src\temp\dmcr\gtext.obj
c:\cossacks2025-legacy\src\temp\dmcr\groups.obj
c:\cossacks2025-legacy\src\temp\dmcr\graphs.obj
c:\cossacks2025-legacy\src\temp\dmcr\gp_draw.obj
c:\cossacks2025-legacy\src\temp\dmcr\gamesound.obj
c:\cossacks2025-legacy\src\temp\dmcr\fractal.obj
c:\cossacks2025-legacy\src\temp\dmcr\fog.obj
c:\cossacks2025-legacy\src\temp\dmcr\fastdraw.obj
c:\cossacks2025-legacy\src\temp\dmcr\exconst.obj
c:\cossacks2025-legacy\src\temp\dmcr\einfoclass.obj
c:\cossacks2025-legacy\src\temp\dmcr\economy.obj
c:\cossacks2025-legacy\src\temp\dmcr\drawforms.obj
c:\cossacks2025-legacy\src\temp\dmcr\dialogs.obj
c:\cossacks2025-legacy\src\temp\dmcr\devicecd.obj
c:\cossacks2025-legacy\src\temp\dmcr\ddini.obj
c:\cossacks2025-legacy\src\temp\dmcr\ddex1.obj
c:\cossacks2025-legacy\src\temp\dmcr\mapoptionsencoder.obj
c:\cossacks2025-legacy\src\temp\dmcr\newai.obj
c:\cossacks2025-legacy\src\temp\dmcr\navorots.obj
c:\cossacks2025-legacy\src\temp\dmcr\nature.obj
c:\cossacks2025-legacy\src\temp\dmcr\nation.obj
c:\cossacks2025-legacy\src\temp\dmcr\multi.obj
c:\cossacks2025-legacy\src\temp\dmcr\mplayer.obj
c:\cossacks2025-legacy\src\temp\dmcr\mouszone.obj
c:\cossacks2025-legacy\src\temp\dmcr\mouse_x.obj
c:\cossacks2025-legacy\src\temp\dmcr\motion.obj
c:\cossacks2025-legacy\src\temp\dmcr\mine.obj
c:\cossacks2025-legacy\src\temp\dmcr\menu.obj
c:\cossacks2025-legacy\src\temp\dmcr\megapolis.obj
c:\cossacks2025-legacy\src\temp\dmcr\masks.obj
c:\cossacks2025-legacy\src\temp\dmcr\mapsprites.obj
c:\cossacks2025-legacy\src\temp\dmcr\mapa.obj
c:\cossacks2025-legacy\src\temp\dmcr\loadsave.obj
c:\cossacks2025-legacy\src\temp\dmcr\lines.obj
c:\cossacks2025-legacy\src\temp\dmcr\ir_main.obj
c:\cossacks2025-legacy\src\temp\dmcr\interface.obj
c:\cossacks2025-legacy\src\temp\dmcr\source.obj
c:\cossacks2025-legacy\src\temp\dmcr\shiptrace.obj
c:\cossacks2025-legacy\src\temp\dmcr\selprop.obj
c:\cossacks2025-legacy\src\temp\dmcr\select.obj
c:\cossacks2025-legacy\src\temp\dmcr\savenewmap.obj
c:\cossacks2025-legacy\src\temp\dmcr\safenet.obj
c:\cossacks2025-legacy\src\temp\dmcr\river.obj
c:\cossacks2025-legacy\src\temp\dmcr\resfile.obj
c:\cossacks2025-legacy\src\temp\dmcr\report.obj
c:\cossacks2025-legacy\src\temp\dmcr\recorder.obj
c:\cossacks2025-legacy\src\temp\dmcr\realwater.obj
c:\cossacks2025-legacy\src\temp\dmcr\path.obj
c:\cossacks2025-legacy\src\temp\dmcr\onwater.obj
c:\cossacks2025-legacy\src\temp\dmcr\nuclear.obj
c:\cossacks2025-legacy\src\temp\dmcr\newupgrade.obj
c:\cossacks2025-legacy\src\temp\dmcr\newmon.obj
c:\cossacks2025-legacy\src\temp\dmcr\newilogin.obj
c:\cossacks2025-legacy\src\temp\dmcr\udpholepuncher.obj
c:\cossacks2025-legacy\src\temp\dmcr\securedivision.obj
c:\cossacks2025-legacy\src\temp\dmcr\queuemanagement.obj
c:\cossacks2025-legacy\src\temp\dmcr\zbuffer.obj
c:\cossacks2025-legacy\src\temp\dmcr\weapon.obj
c:\cossacks2025-legacy\src\temp\dmcr\waves.obj
c:\cossacks2025-legacy\src\temp\dmcr\walls.obj
c:\cossacks2025-legacy\src\temp\dmcr\virtscr.obj
c:\cossacks2025-legacy\src\temp\dmcr\upgrade.obj
c:\cossacks2025-legacy\src\temp\dmcr\unsyncro.obj
c:\cossacks2025-legacy\src\temp\dmcr\unrar.obj
c:\cossacks2025-legacy\src\temp\dmcr\transport.obj
c:\cossacks2025-legacy\src\temp\dmcr\topograf.obj
c:\cossacks2025-legacy\src\temp\dmcr\tmixer.obj
c:\cossacks2025-legacy\src\temp\dmcr\timing.obj
c:\cossacks2025-legacy\src\temp\dmcr\testserver.obj
c:\cossacks2025-legacy\src\temp\dmcr\stringshash.obj
c:\cossacks2025-legacy\src\temp\dmcr\strecog.obj
c:\cossacks2025-legacy\src\temp\dmcr\strategyresearch.obj
c:\cossacks2025-legacy\src\temp\dmcr.lib
c:\cossacks2025-legacy\src\temp\dmcr.exp
c:\cossacks2025-legacy\src\testing\dmcr.exe
c:\cossacks2025-legacy\src\temp\dmcr.pdb
c:\cossacks2025-legacy\src\temp\dmcr\script1.res
c:\cossacks2025-legacy\src\main executable\../testing/dmcr.exe
c:\cossacks2025-legacy\src\temp\dmcr\cossacks.tlog\cl.command.1.tlog
c:\cossacks2025-legacy\src\temp\dmcr\cossacks.tlog\cl.read.1.tlog
c:\cossacks2025-legacy\src\temp\dmcr\cossacks.tlog\cl.write.1.tlog
c:\cossacks2025-legacy\src\temp\dmcr\cossacks.tlog\cossacks.write.1u.tlog
c:\cossacks2025-legacy\src\temp\dmcr\cossacks.tlog\link.command.1.tlog
c:\cossacks2025-legacy\src\temp\dmcr\cossacks.tlog\link.read.1.tlog
c:\cossacks2025-legacy\src\temp\dmcr\cossacks.tlog\link.write.1.tlog
c:\cossacks2025-legacy\src\temp\dmcr\cossacks.tlog\rc.command.1.tlog
c:\cossacks2025-legacy\src\temp\dmcr\cossacks.tlog\rc.read.1.tlog
c:\cossacks2025-legacy\src\temp\dmcr\cossacks.tlog\rc.write.1.tlog
