c:\cossacks2025-legacy\src\temp\intexplorer\vc140.pdb
c:\cossacks2025-legacy\src\temp\intexplorer\vc140.idb
c:\cossacks2025-legacy\src\temp\intexplorer\bmptool.obj
c:\cossacks2025-legacy\src\temp\intexplorer\dataxchange.obj
c:\cossacks2025-legacy\src\temp\intexplorer\dstring.obj
c:\cossacks2025-legacy\src\temp\intexplorer\explore.obj
c:\cossacks2025-legacy\src\temp\intexplorer\fndefine.obj
c:\cossacks2025-legacy\src\temp\intexplorer\gameonmap.obj
c:\cossacks2025-legacy\src\temp\intexplorer\intexplorer.obj
c:\cossacks2025-legacy\src\temp\intexplorer\parserq.obj
c:\cossacks2025-legacy\src\temp\intexplorer\pingengine.obj
c:\cossacks2025-legacy\src\temp\intexplorer\stdafx.obj
c:\cossacks2025-legacy\src\temp\intexplorer.lib
c:\cossacks2025-legacy\src\temp\intexplorer.exp
c:\cossacks2025-legacy\src\testing\intexplorer.dll
c:\cossacks2025-legacy\src\temp\intexplorer.pdb
c:\cossacks2025-legacy\src\intexplorer library\../testing/intexplorer.dll
c:\cossacks2025-legacy\src\temp\intexplorer\intexplo.90c182bd.tlog\cl.command.1.tlog
c:\cossacks2025-legacy\src\temp\intexplorer\intexplo.90c182bd.tlog\cl.read.1.tlog
c:\cossacks2025-legacy\src\temp\intexplorer\intexplo.90c182bd.tlog\cl.write.1.tlog
c:\cossacks2025-legacy\src\temp\intexplorer\intexplo.90c182bd.tlog\intexplorer library.write.1u.tlog
c:\cossacks2025-legacy\src\temp\intexplorer\intexplo.90c182bd.tlog\link.command.1.tlog
c:\cossacks2025-legacy\src\temp\intexplorer\intexplo.90c182bd.tlog\link.read.1.tlog
c:\cossacks2025-legacy\src\temp\intexplorer\intexplo.90c182bd.tlog\link.write.1.tlog
