c:\cossacks2025-legacy\src\temp\ichat\vc140.pdb
c:\cossacks2025-legacy\src\temp\ichat\vc140.idb
c:\cossacks2025-legacy\src\temp\ichat\parserq.obj
c:\cossacks2025-legacy\src\temp\ichat\cs_chat.obj
c:\cossacks2025-legacy\src\temp\ichat\gsc_chatwindow.obj
c:\cossacks2025-legacy\src\temp\ichat\ichat.obj
c:\cossacks2025-legacy\src\temp\ichat\stdafx.obj
c:\cossacks2025-legacy\src\temp\ichat\chatcallbacks.obj
c:\cossacks2025-legacy\src\temp\ichat\chatchannel.obj
c:\cossacks2025-legacy\src\temp\ichat\chathandlers.obj
c:\cossacks2025-legacy\src\temp\ichat\chatmain.obj
c:\cossacks2025-legacy\src\temp\ichat\chatsocket.obj
c:\cossacks2025-legacy\src\temp\ichat\darray.obj
c:\cossacks2025-legacy\src\temp\ichat\hashtable.obj
c:\cossacks2025-legacy\src\temp\ichat\md5c.obj
c:\cossacks2025-legacy\src\temp\ichat\nonport.obj
c:\cossacks2025-legacy\src\temp\ichat.lib
c:\cossacks2025-legacy\src\temp\ichat.exp
c:\cossacks2025-legacy\src\testing\ichat.dll
c:\cossacks2025-legacy\src\temp\ichat.pdb
c:\cossacks2025-legacy\src\ichat library\../testing/ichat.dll
c:\cossacks2025-legacy\src\temp\ichat\ichat library.tlog\cl.command.1.tlog
c:\cossacks2025-legacy\src\temp\ichat\ichat library.tlog\cl.read.1.tlog
c:\cossacks2025-legacy\src\temp\ichat\ichat library.tlog\cl.write.1.tlog
c:\cossacks2025-legacy\src\temp\ichat\ichat library.tlog\ichat library.write.1u.tlog
c:\cossacks2025-legacy\src\temp\ichat\ichat library.tlog\link.command.1.tlog
c:\cossacks2025-legacy\src\temp\ichat\ichat library.tlog\link.read.1.tlog
c:\cossacks2025-legacy\src\temp\ichat\ichat library.tlog\link.write.1.tlog
